<?xml version="1.0" encoding="UTF-8"?>
<!-- Generated by org.testng.reporters.JUnitReportReporter -->
<testsuite hostname="DESKTOP-1H26ACR" failures="0" tests="2" name="tests.LoginTest" time="76.205" errors="0" timestamp="08 May 2018 15:18:10 GMT" skipped="0">
  <testcase classname="tests.LoginTest" name="logInToSocial" time="75.048"/>
  <testcase classname="tests.LoginTest" name="verifyPageLoaded" time="1.157"/>
</testsuite> <!-- tests.LoginTest -->
